@!@!@STARTMSG 2262:0 @!@!@
TLC2 Version 2.13 of 18 July 2018
@!@!@ENDMSG 2262 @!@!@
@!@!@STARTMSG 2187:0 @!@!@
Running breadth-first search Model-Checking with fp 100 and seed 5056944839976989385 with 3 workers on 4 cores with 5655MB heap and 12720MB offheap memory [pid: 14593] (Linux 4.18.0-16-generic amd64, Oracle Corporation 11.0.2 x86_64, OffHeapDiskFPSet, DiskStateQueue).
@!@!@ENDMSG 2187 @!@!@
@!@!@STARTMSG 2220:0 @!@!@
Starting SANY...
@!@!@ENDMSG 2220 @!@!@
Parsing file /home/markus/src/TLA/_specs/models/mine/PageQueue/PageQueue.toolbox/Model_w1to4p5/MC.tla
Parsing file /home/markus/src/TLA/_specs/models/mine/PageQueue/PageQueue.toolbox/Model_w1to4p5/PageQueue.tla
Parsing file /home/markus/src/TLA/tla/tlatools/class/tla2sany/StandardModules/TLC.tla
Parsing file /home/markus/src/TLA/tla/tlatools/class/tla2sany/StandardModules/Integers.tla
Parsing file /home/markus/src/TLA/tla/tlatools/class/tla2sany/StandardModules/Sequences.tla
Parsing file /home/markus/src/TLA/tla/tlatools/class/tla2sany/StandardModules/FiniteSets.tla
Parsing file /home/markus/src/TLA/tla/tlatools/class/tla2sany/StandardModules/Naturals.tla
Semantic processing of module Naturals
Semantic processing of module Integers
Semantic processing of module Sequences
Semantic processing of module FiniteSets
Semantic processing of module TLC
Semantic processing of module PageQueue
Semantic processing of module MC
@!@!@STARTMSG 2219:0 @!@!@
SANY finished.
@!@!@ENDMSG 2219 @!@!@
@!@!@STARTMSG 2185:0 @!@!@
Starting... (2019-04-01 21:33:11)
@!@!@ENDMSG 2185 @!@!@
@!@!@STARTMSG 2212:0 @!@!@
Implied-temporal checking--satisfiability problem has 8 branches.
@!@!@ENDMSG 2212 @!@!@
@!@!@STARTMSG 2189:0 @!@!@
Computing initial states...
@!@!@ENDMSG 2189 @!@!@
@!@!@STARTMSG 2269:0 @!@!@
Computed 2 initial states...
@!@!@ENDMSG 2269 @!@!@
@!@!@STARTMSG 2190:0 @!@!@
Finished computing initial states: 3 distinct states generated at 2019-04-01 21:33:14.
@!@!@ENDMSG 2190 @!@!@
@!@!@STARTMSG 2200:0 @!@!@
Progress(10) at 2019-04-01 21:33:17: 6,183 states generated (6,183 s/min), 3,121 distinct states found (3,121 ds/min), 1,216 states left on queue.
@!@!@ENDMSG 2200 @!@!@
@!@!@STARTMSG 2200:0 @!@!@
Progress(24) at 2019-04-01 21:34:17: 659,544 states generated (653,361 s/min), 246,481 distinct states found (243,360 ds/min), 36,319 states left on queue.
@!@!@ENDMSG 2200 @!@!@
@!@!@STARTMSG 2200:0 @!@!@
Progress(32) at 2019-04-01 21:35:17: 1,386,595 states generated (727,051 s/min), 414,247 distinct states found (167,766 ds/min), 3,192 states left on queue.
@!@!@ENDMSG 2200 @!@!@
@!@!@STARTMSG 2200:0 @!@!@
Progress(34) at 2019-04-01 21:35:19: 1,414,041 states generated, 415,896 distinct states found, 0 states left on queue.
@!@!@ENDMSG 2200 @!@!@
@!@!@STARTMSG 2192:0 @!@!@
Checking 8 branches of temporal properties for the complete state space with 3327168 total distinct states at (2019-04-01 21:35:19)
@!@!@ENDMSG 2192 @!@!@
@!@!@STARTMSG 2267:0 @!@!@
Finished checking temporal properties in 05s at 2019-04-01 21:35:24
@!@!@ENDMSG 2267 @!@!@
@!@!@STARTMSG 2193:0 @!@!@
Model checking completed. No error has been found.
  Estimates of the probability that TLC did not check all reachable states
  because two distinct states had the same fingerprint:
  calculated (optimistic):  val = 2.3E-8
  based on the actual fingerprints:  val = 4.9E-8
@!@!@ENDMSG 2193 @!@!@
@!@!@STARTMSG 2201:0 @!@!@
The coverage statistics at 2019-04-01 21:35:54
@!@!@ENDMSG 2201 @!@!@
@!@!@STARTMSG 2773:0 @!@!@
<Init line 241, col 1 to line 241, col 4 of module PageQueue>: 3
@!@!@ENDMSG 2773 @!@!@
@!@!@STARTMSG 2221:0 @!@!@
  line 243, col 12 to line 243, col 29 of module PageQueue: 1
@!@!@ENDMSG 2221 @!@!@
@!@!@STARTMSG 2221:0 @!@!@
  line 244, col 12 to line 244, col 23 of module PageQueue: 3
@!@!@ENDMSG 2221 @!@!@
@!@!@STARTMSG 2221:0 @!@!@
  line 245, col 12 to line 245, col 42 of module PageQueue: 3
@!@!@ENDMSG 2221 @!@!@
@!@!@STARTMSG 2221:0 @!@!@
  line 246, col 12 to line 246, col 25 of module PageQueue: 3
@!@!@ENDMSG 2221 @!@!@
@!@!@STARTMSG 2221:0 @!@!@
  line 248, col 12 to line 248, col 48 of module PageQueue: 3
@!@!@ENDMSG 2221 @!@!@
@!@!@STARTMSG 2221:0 @!@!@
  line 249, col 12 to line 249, col 46 of module PageQueue: 3
@!@!@ENDMSG 2221 @!@!@
@!@!@STARTMSG 2221:0 @!@!@
  line 250, col 12 to line 250, col 44 of module PageQueue: 3
@!@!@ENDMSG 2221 @!@!@
@!@!@STARTMSG 2772:0 @!@!@
<deq line 252, col 1 to line 252, col 9 of module PageQueue>: 66255:240423
@!@!@ENDMSG 2772 @!@!@
@!@!@STARTMSG 2221:0 @!@!@
  line 252, col 17 to line 252, col 32 of module PageQueue: 1488111
@!@!@ENDMSG 2221 @!@!@
@!@!@STARTMSG 2221:0 @!@!@
  |line 252, col 17 to line 252, col 24 of module PageQueue: 1247688
@!@!@ENDMSG 2221 @!@!@
@!@!@STARTMSG 2221:0 @!@!@
  line 253, col 17 to line 253, col 60 of module PageQueue: 240423
@!@!@ENDMSG 2221 @!@!@
@!@!@STARTMSG 2221:0 @!@!@
  line 254, col 20 to line 254, col 74 of module PageQueue: 240423
@!@!@ENDMSG 2221 @!@!@
@!@!@STARTMSG 2221:0 @!@!@
  |line 254, col 20 to line 254, col 46 of module PageQueue: 240423
@!@!@ENDMSG 2221 @!@!@
@!@!@STARTMSG 2221:0 @!@!@
  |line 254, col 51 to line 254, col 74 of module PageQueue: 219654
@!@!@ENDMSG 2221 @!@!@
@!@!@STARTMSG 2221:0 @!@!@
  line 255, col 25 to line 255, col 61 of module PageQueue: 20769
@!@!@ENDMSG 2221 @!@!@
@!@!@STARTMSG 2221:0 @!@!@
  line 256, col 25 to line 256, col 61 of module PageQueue: 219654
@!@!@ENDMSG 2221 @!@!@
@!@!@STARTMSG 2221:0 @!@!@
  line 257, col 17 to line 257, col 72 of module PageQueue: 240423
@!@!@ENDMSG 2221 @!@!@
@!@!@STARTMSG 2772:0 @!@!@
<casA line 259, col 1 to line 259, col 10 of module PageQueue>: 82216:255444
@!@!@ENDMSG 2772 @!@!@
@!@!@STARTMSG 2221:0 @!@!@
  line 259, col 18 to line 259, col 34 of module PageQueue: 1503132
@!@!@ENDMSG 2221 @!@!@
@!@!@STARTMSG 2221:0 @!@!@
  |line 259, col 18 to line 259, col 25 of module PageQueue: 1247688
@!@!@ENDMSG 2221 @!@!@
@!@!@STARTMSG 2221:0 @!@!@
  line 260, col 21 to line 260, col 41 of module PageQueue: 255444
@!@!@ENDMSG 2221 @!@!@
@!@!@STARTMSG 2221:0 @!@!@
  line 261, col 26 to line 262, col 68 of module PageQueue: 106446
@!@!@ENDMSG 2221 @!@!@
@!@!@STARTMSG 2221:0 @!@!@
  line 263, col 26 to line 264, col 40 of module PageQueue: 148998
@!@!@ENDMSG 2221 @!@!@
@!@!@STARTMSG 2221:0 @!@!@
  line 265, col 21 to line 265, col 33 of module PageQueue: 255444
@!@!@ENDMSG 2221 @!@!@
@!@!@STARTMSG 2221:0 @!@!@
  line 266, col 26 to line 267, col 60 of module PageQueue: 106446
@!@!@ENDMSG 2221 @!@!@
@!@!@STARTMSG 2221:0 @!@!@
  line 268, col 29 to line 268, col 61 of module PageQueue: 148998
@!@!@ENDMSG 2221 @!@!@
@!@!@STARTMSG 2221:0 @!@!@
  line 269, col 29 to line 269, col 46 of module PageQueue: 148998
@!@!@ENDMSG 2221 @!@!@
@!@!@STARTMSG 2221:0 @!@!@
  line 270, col 18 to line 270, col 59 of module PageQueue: 255444
@!@!@ENDMSG 2221 @!@!@
@!@!@STARTMSG 2772:0 @!@!@
<wt line 272, col 1 to line 272, col 8 of module PageQueue>: 72983:185634
@!@!@ENDMSG 2772 @!@!@
@!@!@STARTMSG 2221:0 @!@!@
  line 272, col 16 to line 272, col 30 of module PageQueue: 1433322
@!@!@ENDMSG 2221 @!@!@
@!@!@STARTMSG 2221:0 @!@!@
  |line 272, col 16 to line 272, col 23 of module PageQueue: 1247688
@!@!@ENDMSG 2221 @!@!@
@!@!@STARTMSG 2221:0 @!@!@
  line 273, col 19 to line 273, col 51 of module PageQueue: 185634
@!@!@ENDMSG 2221 @!@!@
@!@!@STARTMSG 2221:0 @!@!@
  |line 273, col 19 to line 273, col 32 of module PageQueue: 185634
@!@!@ENDMSG 2221 @!@!@
@!@!@STARTMSG 2221:0 @!@!@
  |line 273, col 41 to line 273, col 51 of module PageQueue: 185634
@!@!@ENDMSG 2221 @!@!@
@!@!@STARTMSG 2221:0 @!@!@
  ||line 7, col 13 to line 7, col 37 of module PageQueue: 185634
@!@!@ENDMSG 2221 @!@!@
@!@!@STARTMSG 2221:0 @!@!@
  |||line 7, col 15 to line 7, col 18 of module PageQueue: 302361
@!@!@ENDMSG 2221 @!@!@
@!@!@STARTMSG 2221:0 @!@!@
  |||line 7, col 28 to line 7, col 35 of module PageQueue: 185634
@!@!@ENDMSG 2221 @!@!@
@!@!@STARTMSG 2221:0 @!@!@
  ||line 273, col 47 to line 273, col 50 of module PageQueue: 185634
@!@!@ENDMSG 2221 @!@!@
@!@!@STARTMSG 2221:0 @!@!@
  line 274, col 30 to line 274, col 62 of module PageQueue: 40941
@!@!@ENDMSG 2221 @!@!@
@!@!@STARTMSG 2221:0 @!@!@
  |line 274, col 30 to line 274, col 42 of module PageQueue: 40941
@!@!@ENDMSG 2221 @!@!@
@!@!@STARTMSG 2221:0 @!@!@
  |line 274, col 47 to line 274, col 62 of module PageQueue: 39645
@!@!@ENDMSG 2221 @!@!@
@!@!@STARTMSG 2221:0 @!@!@
  line 275, col 35 to line 275, col 71 of module PageQueue: 3495
@!@!@ENDMSG 2221 @!@!@
@!@!@STARTMSG 2221:0 @!@!@
  line 276, col 41 to line 276, col 74 of module PageQueue: 37446
@!@!@ENDMSG 2221 @!@!@
@!@!@STARTMSG 2221:0 @!@!@
  line 277, col 46 to line 277, col 82 of module PageQueue: 2592
@!@!@ENDMSG 2221 @!@!@
@!@!@STARTMSG 2221:0 @!@!@
  line 278, col 46 to line 279, col 80 of module PageQueue: 34854
@!@!@ENDMSG 2221 @!@!@
@!@!@STARTMSG 2221:0 @!@!@
  line 280, col 24 to line 280, col 58 of module PageQueue: 144693
@!@!@ENDMSG 2221 @!@!@
@!@!@STARTMSG 2221:0 @!@!@
  line 281, col 16 to line 281, col 81 of module PageQueue: 185634
@!@!@ENDMSG 2221 @!@!@
@!@!@STARTMSG 2772:0 @!@!@
<casB line 283, col 1 to line 283, col 10 of module PageQueue>: 1370:3888
@!@!@ENDMSG 2772 @!@!@
@!@!@STARTMSG 2221:0 @!@!@
  line 283, col 18 to line 283, col 34 of module PageQueue: 1251576
@!@!@ENDMSG 2221 @!@!@
@!@!@STARTMSG 2221:0 @!@!@
  |line 283, col 18 to line 283, col 25 of module PageQueue: 1247688
@!@!@ENDMSG 2221 @!@!@
@!@!@STARTMSG 2221:0 @!@!@
  line 284, col 21 to line 284, col 41 of module PageQueue: 3888
@!@!@ENDMSG 2221 @!@!@
@!@!@STARTMSG 2221:0 @!@!@
  line 285, col 26 to line 286, col 68 of module PageQueue: 864
@!@!@ENDMSG 2221 @!@!@
@!@!@STARTMSG 2221:0 @!@!@
  line 287, col 26 to line 288, col 40 of module PageQueue: 3024
@!@!@ENDMSG 2221 @!@!@
@!@!@STARTMSG 2221:0 @!@!@
  line 289, col 21 to line 289, col 33 of module PageQueue: 3888
@!@!@ENDMSG 2221 @!@!@
@!@!@STARTMSG 2221:0 @!@!@
  line 290, col 26 to line 290, col 62 of module PageQueue: 864
@!@!@ENDMSG 2221 @!@!@
@!@!@STARTMSG 2221:0 @!@!@
  line 291, col 26 to line 291, col 60 of module PageQueue: 3024
@!@!@ENDMSG 2221 @!@!@
@!@!@STARTMSG 2221:0 @!@!@
  line 292, col 18 to line 292, col 69 of module PageQueue: 3888
@!@!@ENDMSG 2221 @!@!@
@!@!@STARTMSG 2772:0 @!@!@
<rd line 294, col 1 to line 294, col 8 of module PageQueue>: 55236:144693
@!@!@ENDMSG 2772 @!@!@
@!@!@STARTMSG 2221:0 @!@!@
  line 294, col 16 to line 294, col 30 of module PageQueue: 1392381
@!@!@ENDMSG 2221 @!@!@
@!@!@STARTMSG 2221:0 @!@!@
  |line 294, col 16 to line 294, col 23 of module PageQueue: 1247688
@!@!@ENDMSG 2221 @!@!@
@!@!@STARTMSG 2221:0 @!@!@
  line 295, col 16 to line 296, col 69 of module PageQueue: 144693
@!@!@ENDMSG 2221 @!@!@
@!@!@STARTMSG 2221:0 @!@!@
  |line 295, col 23 to line 295, col 52 of module PageQueue: 144693
@!@!@ENDMSG 2221 @!@!@
@!@!@STARTMSG 2221:0 @!@!@
  ||line 295, col 23 to line 295, col 36 of module PageQueue: 144693
@!@!@ENDMSG 2221 @!@!@
@!@!@STARTMSG 2221:0 @!@!@
  ||line 295, col 42 to line 295, col 52 of module PageQueue: 144693
@!@!@ENDMSG 2221 @!@!@
@!@!@STARTMSG 2221:0 @!@!@
  |||line 7, col 13 to line 7, col 37 of module PageQueue: 144693
@!@!@ENDMSG 2221 @!@!@
@!@!@STARTMSG 2221:0 @!@!@
  ||||line 7, col 15 to line 7, col 18 of module PageQueue: 285375
@!@!@ENDMSG 2221 @!@!@
@!@!@STARTMSG 2221:0 @!@!@
  ||||line 7, col 28 to line 7, col 35 of module PageQueue: 144693
@!@!@ENDMSG 2221 @!@!@
@!@!@STARTMSG 2221:0 @!@!@
  |||line 295, col 48 to line 295, col 51 of module PageQueue: 144693
@!@!@ENDMSG 2221 @!@!@
@!@!@STARTMSG 2221:0 @!@!@
  line 297, col 16 to line 297, col 51 of module PageQueue: 144693
@!@!@ENDMSG 2221 @!@!@
@!@!@STARTMSG 2221:0 @!@!@
  line 298, col 16 to line 298, col 48 of module PageQueue: 144693
@!@!@ENDMSG 2221 @!@!@
@!@!@STARTMSG 2221:0 @!@!@
  line 299, col 16 to line 299, col 75 of module PageQueue: 144693
@!@!@ENDMSG 2221 @!@!@
@!@!@STARTMSG 2772:0 @!@!@
<exp line 301, col 1 to line 301, col 9 of module PageQueue>: 43905:340623
@!@!@ENDMSG 2772 @!@!@
@!@!@STARTMSG 2221:0 @!@!@
  line 301, col 17 to line 301, col 32 of module PageQueue: 1361229
@!@!@ENDMSG 2221 @!@!@
@!@!@STARTMSG 2221:0 @!@!@
  |line 301, col 17 to line 301, col 24 of module PageQueue: 1247688
@!@!@ENDMSG 2221 @!@!@
@!@!@STARTMSG 2221:0 @!@!@
  line 302, col 17 to line 302, col 56 of module PageQueue: 113541
@!@!@ENDMSG 2221 @!@!@
@!@!@STARTMSG 2221:0 @!@!@
  line 303, col 17 to line 305, col 55 of module PageQueue: 113541
@!@!@ENDMSG 2221 @!@!@
@!@!@STARTMSG 2221:0 @!@!@
  line 306, col 17 to line 306, col 73 of module PageQueue: 340623
@!@!@ENDMSG 2221 @!@!@
@!@!@STARTMSG 2772:0 @!@!@
<casC line 308, col 1 to line 308, col 10 of module PageQueue>: 40847:98016
@!@!@ENDMSG 2772 @!@!@
@!@!@STARTMSG 2221:0 @!@!@
  line 308, col 18 to line 308, col 34 of module PageQueue: 1345704
@!@!@ENDMSG 2221 @!@!@
@!@!@STARTMSG 2221:0 @!@!@
  |line 308, col 18 to line 308, col 25 of module PageQueue: 1247688
@!@!@ENDMSG 2221 @!@!@
@!@!@STARTMSG 2221:0 @!@!@
  line 309, col 21 to line 309, col 41 of module PageQueue: 98016
@!@!@ENDMSG 2221 @!@!@
@!@!@STARTMSG 2221:0 @!@!@
  line 310, col 26 to line 311, col 68 of module PageQueue: 38553
@!@!@ENDMSG 2221 @!@!@
@!@!@STARTMSG 2221:0 @!@!@
  line 312, col 26 to line 313, col 40 of module PageQueue: 59463
@!@!@ENDMSG 2221 @!@!@
@!@!@STARTMSG 2221:0 @!@!@
  line 314, col 21 to line 314, col 33 of module PageQueue: 98016
@!@!@ENDMSG 2221 @!@!@
@!@!@STARTMSG 2221:0 @!@!@
  line 315, col 26 to line 315, col 62 of module PageQueue: 38553
@!@!@ENDMSG 2221 @!@!@
@!@!@STARTMSG 2221:0 @!@!@
  line 316, col 26 to line 316, col 63 of module PageQueue: 59463
@!@!@ENDMSG 2221 @!@!@
@!@!@STARTMSG 2221:0 @!@!@
  line 317, col 18 to line 317, col 69 of module PageQueue: 98016
@!@!@ENDMSG 2221 @!@!@
@!@!@STARTMSG 2772:0 @!@!@
<retry line 319, col 1 to line 319, col 11 of module PageQueue>: 11804:43014
@!@!@ENDMSG 2772 @!@!@
@!@!@STARTMSG 2221:0 @!@!@
  line 319, col 19 to line 319, col 36 of module PageQueue: 1290702
@!@!@ENDMSG 2221 @!@!@
@!@!@STARTMSG 2221:0 @!@!@
  |line 319, col 19 to line 319, col 26 of module PageQueue: 1247688
@!@!@ENDMSG 2221 @!@!@
@!@!@STARTMSG 2221:0 @!@!@
  line 320, col 19 to line 320, col 62 of module PageQueue: 43014
@!@!@ENDMSG 2221 @!@!@
@!@!@STARTMSG 2221:0 @!@!@
  line 321, col 19 to line 321, col 52 of module PageQueue: 43014
@!@!@ENDMSG 2221 @!@!@
@!@!@STARTMSG 2221:0 @!@!@
  line 322, col 19 to line 322, col 74 of module PageQueue: 43014
@!@!@ENDMSG 2221 @!@!@
@!@!@STARTMSG 2772:0 @!@!@
<enq line 324, col 1 to line 324, col 9 of module PageQueue>: 17605:57693
@!@!@ENDMSG 2772 @!@!@
@!@!@STARTMSG 2221:0 @!@!@
  line 324, col 17 to line 324, col 32 of module PageQueue: 1305381
@!@!@ENDMSG 2221 @!@!@
@!@!@STARTMSG 2221:0 @!@!@
  |line 324, col 17 to line 324, col 24 of module PageQueue: 1247688
@!@!@ENDMSG 2221 @!@!@
@!@!@STARTMSG 2221:0 @!@!@
  line 325, col 20 to line 325, col 30 of module PageQueue: 57693
@!@!@ENDMSG 2221 @!@!@
@!@!@STARTMSG 2221:0 @!@!@
  line 326, col 25 to line 327, col 67 of module PageQueue: 57693
@!@!@ENDMSG 2221 @!@!@
@!@!@STARTMSG 2221:0 @!@!@
  line 328, col 28 to line 328, col 68 of module PageQueue: 0
@!@!@ENDMSG 2221 @!@!@
@!@!@STARTMSG 2221:0 @!@!@
  line 329, col 28 to line 329, col 39 of module PageQueue: 0
@!@!@ENDMSG 2221 @!@!@
@!@!@STARTMSG 2221:0 @!@!@
  line 330, col 20 to line 330, col 32 of module PageQueue: 57693
@!@!@ENDMSG 2221 @!@!@
@!@!@STARTMSG 2221:0 @!@!@
  line 331, col 25 to line 332, col 60 of module PageQueue: 57693
@!@!@ENDMSG 2221 @!@!@
@!@!@STARTMSG 2221:0 @!@!@
  line 333, col 28 to line 333, col 60 of module PageQueue: 0
@!@!@ENDMSG 2221 @!@!@
@!@!@STARTMSG 2221:0 @!@!@
  line 334, col 28 to line 334, col 45 of module PageQueue: 0
@!@!@ENDMSG 2221 @!@!@
@!@!@STARTMSG 2221:0 @!@!@
  line 335, col 17 to line 335, col 58 of module PageQueue: 57693
@!@!@ENDMSG 2221 @!@!@
@!@!@STARTMSG 2772:0 @!@!@
<wrt line 337, col 1 to line 337, col 9 of module PageQueue>: 23672:43905
@!@!@ENDMSG 2772 @!@!@
@!@!@STARTMSG 2221:0 @!@!@
  line 337, col 17 to line 337, col 32 of module PageQueue: 1291593
@!@!@ENDMSG 2221 @!@!@
@!@!@STARTMSG 2221:0 @!@!@
  |line 337, col 17 to line 337, col 24 of module PageQueue: 1247688
@!@!@ENDMSG 2221 @!@!@
@!@!@STARTMSG 2221:0 @!@!@
  line 338, col 17 to line 338, col 52 of module PageQueue: 43905
@!@!@ENDMSG 2221 @!@!@
@!@!@STARTMSG 2221:0 @!@!@
  line 339, col 17 to line 339, col 49 of module PageQueue: 43905
@!@!@ENDMSG 2221 @!@!@
@!@!@STARTMSG 2221:0 @!@!@
  line 340, col 17 to line 340, col 76 of module PageQueue: 43905
@!@!@ENDMSG 2221 @!@!@
@!@!@STARTMSG 2772:0 @!@!@
<Next line 346, col 1 to line 346, col 4 of module PageQueue>: 0:705
@!@!@ENDMSG 2772 @!@!@
@!@!@STARTMSG 2221:0 @!@!@
  line 348, col 38 to line 348, col 54 of module PageQueue: 442460
@!@!@ENDMSG 2221 @!@!@
@!@!@STARTMSG 2221:0 @!@!@
  |line 348, col 38 to line 348, col 45 of module PageQueue: 440345
@!@!@ENDMSG 2221 @!@!@
@!@!@STARTMSG 2221:0 @!@!@
  line 348, col 29 to line 348, col 35 of module PageQueue: 415896
@!@!@ENDMSG 2221 @!@!@
@!@!@STARTMSG 2221:0 @!@!@
  line 348, col 60 to line 348, col 73 of module PageQueue: 705
@!@!@ENDMSG 2221 @!@!@
@!@!@STARTMSG 2774:0 @!@!@
<WSafety line 213, col 1 to line 213, col 7 of module PageQueue>
@!@!@ENDMSG 2774 @!@!@
@!@!@STARTMSG 2221:0 @!@!@
  line 215, col 9 to line 220, col 29 of module PageQueue: 673341
@!@!@ENDMSG 2221 @!@!@
@!@!@STARTMSG 2221:0 @!@!@
  |line 215, col 12 to line 217, col 67 of module PageQueue: 673341
@!@!@ENDMSG 2221 @!@!@
@!@!@STARTMSG 2221:0 @!@!@
  ||line 215, col 13 to line 215, col 45 of module PageQueue: 673341
@!@!@ENDMSG 2221 @!@!@
@!@!@STARTMSG 2221:0 @!@!@
  |||line 215, col 32 to line 215, col 45 of module PageQueue: 704342
@!@!@ENDMSG 2221 @!@!@
@!@!@STARTMSG 2221:0 @!@!@
  |||line 215, col 22 to line 215, col 28 of module PageQueue: 673341
@!@!@ENDMSG 2221 @!@!@
@!@!@STARTMSG 2221:0 @!@!@
  ||line 215, col 51 to line 217, col 67 of module PageQueue: 705
@!@!@ENDMSG 2221 @!@!@
@!@!@STARTMSG 2221:0 @!@!@
  |||line 215, col 54 to line 215, col 69 of module PageQueue: 705
@!@!@ENDMSG 2221 @!@!@
@!@!@STARTMSG 2221:0 @!@!@
  |||line 216, col 54 to line 217, col 67 of module PageQueue: 216
@!@!@ENDMSG 2221 @!@!@
@!@!@STARTMSG 2221:0 @!@!@
  |line 219, col 12 to line 219, col 32 of module PageQueue: 673341
@!@!@ENDMSG 2221 @!@!@
@!@!@STARTMSG 2221:0 @!@!@
  ||line 19, col 22 to line 19, col 69 of module PageQueue: 673341
@!@!@ENDMSG 2221 @!@!@
@!@!@STARTMSG 2221:0 @!@!@
  |||line 19, col 46 to line 19, col 69 of module PageQueue: 7174872
@!@!@ENDMSG 2221 @!@!@
@!@!@STARTMSG 2221:0 @!@!@
  ||||line 19, col 46 to line 19, col 50 of module PageQueue: 7174872
@!@!@ENDMSG 2221 @!@!@
@!@!@STARTMSG 2221:0 @!@!@
  ||||line 19, col 55 to line 19, col 69 of module PageQueue: 5033190
@!@!@ENDMSG 2221 @!@!@
@!@!@STARTMSG 2221:0 @!@!@
  |||line 19, col 33 to line 19, col 43 of module PageQueue: 673341
@!@!@ENDMSG 2221 @!@!@
@!@!@STARTMSG 2221:0 @!@!@
  ||line 219, col 25 to line 219, col 31 of module PageQueue: 673341
@!@!@ENDMSG 2221 @!@!@
@!@!@STARTMSG 2221:0 @!@!@
  |line 220, col 12 to line 220, col 29 of module PageQueue: 673341
@!@!@ENDMSG 2221 @!@!@
@!@!@STARTMSG 2221:0 @!@!@
  ||line 19, col 22 to line 19, col 69 of module PageQueue: 673341
@!@!@ENDMSG 2221 @!@!@
@!@!@STARTMSG 2221:0 @!@!@
  |||line 19, col 46 to line 19, col 69 of module PageQueue: 1452577
@!@!@ENDMSG 2221 @!@!@
@!@!@STARTMSG 2221:0 @!@!@
  ||||line 19, col 46 to line 19, col 50 of module PageQueue: 1452577
@!@!@ENDMSG 2221 @!@!@
@!@!@STARTMSG 2221:0 @!@!@
  ||||line 19, col 55 to line 19, col 69 of module PageQueue: 683722
@!@!@ENDMSG 2221 @!@!@
@!@!@STARTMSG 2221:0 @!@!@
  |||line 19, col 33 to line 19, col 43 of module PageQueue: 673341
@!@!@ENDMSG 2221 @!@!@
@!@!@STARTMSG 2221:0 @!@!@
  ||line 220, col 25 to line 220, col 28 of module PageQueue: 673341
@!@!@ENDMSG 2221 @!@!@
@!@!@STARTMSG 2202:0 @!@!@
End of statistics.
@!@!@ENDMSG 2202 @!@!@
@!@!@STARTMSG 2200:0 @!@!@
Progress(34) at 2019-04-01 21:35:54: 1,414,041 states generated (523,034 s/min), 415,896 distinct states found (153,834 ds/min), 0 states left on queue.
@!@!@ENDMSG 2200 @!@!@
@!@!@STARTMSG 2199:0 @!@!@
1414041 states generated, 415896 distinct states found, 0 states left on queue.
@!@!@ENDMSG 2199 @!@!@
@!@!@STARTMSG 2194:0 @!@!@
The depth of the complete state graph search is 34.
@!@!@ENDMSG 2194 @!@!@
@!@!@STARTMSG 2268:0 @!@!@
The average outdegree of the complete state graph is 1 (minimum is 0, the maximum 7 and the 95th percentile is 3).
@!@!@ENDMSG 2268 @!@!@
@!@!@STARTMSG 2186:0 @!@!@
Finished in 162861ms at (2019-04-01 21:35:54)
@!@!@ENDMSG 2186 @!@!@
